<?xml version="1.0" encoding="UTF-8"?>
<!-- Generated by org.testng.reporters.JUnitXMLReporter -->
<testsuite ignored="0" hostname="DESKTOP-VIRBGBF" failures="0" tests="4" name="Default test" time="0.076" errors="0" timestamp="2021-08-25T00:17:39 IST">
  <testcase classname="moreThanOne.MoreThanOne" name="add" time="0.009"/>
  <testcase classname="moreThanOne.MoreThanOne" name="add" time="0.001"/>
  <testcase classname="moreThanOne.MoreThanOne" name="square" time="0.001"/>
  <testcase classname="moreThanOne.MoreThanOne" name="square" time="0.001"/>
</testsuite> <!-- Default test -->
