<?xml version="1.0" encoding="UTF-8"?>
<testng-results ignored="0" total="4" passed="4" failed="0" skipped="0">
  <reporter-output>
  </reporter-output>
  <suite started-at="2021-08-25T00:17:39 IST" name="Default suite" finished-at="2021-08-25T00:17:39 IST" duration-ms="76">
    <groups>
    </groups>
    <test started-at="2021-08-25T00:17:39 IST" name="Default test" finished-at="2021-08-25T00:17:39 IST" duration-ms="76">
      <class name="moreThanOne.MoreThanOne">
        <test-method signature="add(int,int)[pri:0, instance:moreThanOne.MoreThanOne@48974e45]" started-at="2021-08-25T00:17:39 IST" name="add" data-provider="dp" finished-at="2021-08-25T00:17:39 IST" duration-ms="9" status="PASS">
          <params>
            <param index="0">
              <value>
                <![CDATA[10]]>
              </value>
            </param>
            <param index="1">
              <value>
                <![CDATA[20]]>
              </value>
            </param>
          </params>
          <reporter-output>
          </reporter-output>
        </test-method> <!-- add -->
        <test-method signature="add(int,int)[pri:0, instance:moreThanOne.MoreThanOne@48974e45]" started-at="2021-08-25T00:17:39 IST" name="add" data-provider="dp" finished-at="2021-08-25T00:17:39 IST" duration-ms="1" status="PASS">
          <params>
            <param index="0">
              <value>
                <![CDATA[52]]>
              </value>
            </param>
            <param index="1">
              <value>
                <![CDATA[48]]>
              </value>
            </param>
          </params>
          <reporter-output>
          </reporter-output>
        </test-method> <!-- add -->
        <test-method signature="square(int,int)[pri:0, instance:moreThanOne.MoreThanOne@48974e45]" started-at="2021-08-25T00:17:39 IST" name="square" data-provider="dp" finished-at="2021-08-25T00:17:39 IST" duration-ms="1" status="PASS">
          <params>
            <param index="0">
              <value>
                <![CDATA[10]]>
              </value>
            </param>
            <param index="1">
              <value>
                <![CDATA[41]]>
              </value>
            </param>
          </params>
          <reporter-output>
          </reporter-output>
        </test-method> <!-- square -->
        <test-method signature="square(int,int)[pri:0, instance:moreThanOne.MoreThanOne@48974e45]" started-at="2021-08-25T00:17:39 IST" name="square" data-provider="dp" finished-at="2021-08-25T00:17:39 IST" duration-ms="1" status="PASS">
          <params>
            <param index="0">
              <value>
                <![CDATA[52]]>
              </value>
            </param>
            <param index="1">
              <value>
                <![CDATA[545]]>
              </value>
            </param>
          </params>
          <reporter-output>
          </reporter-output>
        </test-method> <!-- square -->
      </class> <!-- moreThanOne.MoreThanOne -->
    </test> <!-- Default test -->
  </suite> <!-- Default suite -->
</testng-results>
