<?xml version="1.0" encoding="UTF-8"?>
<testng-results skipped="0" failed="0" ignored="0" total="1" passed="1">
  <reporter-output>
  </reporter-output>
  <suite name="Default suite" duration-ms="1093" started-at="2021-12-30T20:22:54 IST" finished-at="2021-12-30T20:22:55 IST">
    <groups>
    </groups>
    <test name="Default test" duration-ms="1093" started-at="2021-12-30T20:22:54 IST" finished-at="2021-12-30T20:22:55 IST">
      <class name="practice.Apace">
        <test-method status="PASS" signature="getData()[pri:0, instance:practice.Apace@6a1aab78]" name="getData" duration-ms="1023" started-at="2021-12-30T20:22:54 IST" finished-at="2021-12-30T20:22:55 IST">
          <reporter-output>
          </reporter-output>
        </test-method> <!-- getData -->
      </class> <!-- practice.Apace -->
    </test> <!-- Default test -->
  </suite> <!-- Default suite -->
</testng-results>
